<?xml version="1.0" encoding="UTF-8"?>
<!-- Generated by org.testng.reporters.JUnitReportReporter -->
<testsuite hostname="Marcuss-MacBook-Air.local" name="com.qa.ispeakbetter.tests.HomePageTest" tests="4" failures="0" timestamp="9 Oct 2020 03:22:27 GMT" time="54.406" errors="0">
  <testcase name="verifyHomePageTitle" time="7.321" classname="com.qa.ispeakbetter.tests.HomePageTest"/>
  <testcase name="verifyUrl" time="8.495" classname="com.qa.ispeakbetter.tests.HomePageTest"/>
  <testcase name="doLogin" time="11.658" classname="com.qa.ispeakbetter.tests.HomePageTest"/>
  <testcase name="fillOutProgram" time="26.932" classname="com.qa.ispeakbetter.tests.HomePageTest"/>
</testsuite> <!-- com.qa.ispeakbetter.tests.HomePageTest -->
